<?xml version="1.0" encoding="UTF-8"?>
<!-- Generated by org.testng.reporters.JUnitXMLReporter -->
<testsuite hostname="DESKTOP-KI1T80K" name="Test" tests="10" failures="0" timestamp="31 Mar 2021 08:29:06 GMT" time="0.047" errors="0">
  <testcase name="TC1" time="0.015" classname="TestNG_Examples.Sample1"/>
  <testcase name="TC2" time="0.0" classname="TestNG_Examples.Sample1"/>
  <testcase name="TC3" time="0.0" classname="TestNG_Examples.Sample1"/>
  <testcase name="TC4" time="0.0" classname="TestNG_Examples.Sample2"/>
  <testcase name="TC5" time="0.0" classname="TestNG_Examples.Sample2"/>
  <testcase name="TC6" time="0.016" classname="TestNG_Examples.Sample2"/>
  <testcase name="TC10" time="0.0" classname="TestNG_Examples.Sample3"/>
  <testcase name="TC7" time="0.0" classname="TestNG_Examples.Sample3"/>
  <testcase name="TC8" time="0.0" classname="TestNG_Examples.Sample3"/>
  <testcase name="TC9" time="0.0" classname="TestNG_Examples.Sample3"/>
</testsuite> <!-- Test -->
